<?xml version="1.0" encoding="UTF-8"?>
<testsuite xmlns:xsi="http://www.w3.org/2001/XMLSchema-instance" xsi:noNamespaceSchemaLocation="https://maven.apache.org/surefire/maven-surefire-plugin/xsd/surefire-test-report.xsd" name="TestSuite" time="31.114" tests="56" errors="0" skipped="0" failures="0">
  <properties>
    <property name="sun.desktop" value="windows"/>
    <property name="awt.toolkit" value="sun.awt.windows.WToolkit"/>
    <property name="java.specification.version" value="10"/>
    <property name="file.encoding.pkg" value="sun.io"/>
    <property name="sun.cpu.isalist" value="amd64"/>
    <property name="sun.jnu.encoding" value="Cp1250"/>
    <property name="java.class.path" value="C:\Users\stevo\.m2\repository\org\apache\maven\surefire\surefire-booter\2.22.1\surefire-booter-2.22.1.jar;C:\Users\stevo\.m2\repository\org\apache\maven\surefire\surefire-api\2.22.1\surefire-api-2.22.1.jar;C:\Users\stevo\.m2\repository\org\apache\maven\surefire\surefire-logger-api\2.22.1\surefire-logger-api-2.22.1.jar;C:\Users\stevo\Downloads\pa165\PA165_phone_shop\project\target\test-classes;C:\Users\stevo\Downloads\pa165\PA165_phone_shop\project\target\classes;C:\Users\stevo\.m2\repository\junit\junit\4.10\junit-4.10.jar;C:\Users\stevo\.m2\repository\org\hamcrest\hamcrest-core\1.1\hamcrest-core-1.1.jar;C:\Users\stevo\.m2\repository\org\mockito\mockito-all\1.10.19\mockito-all-1.10.19.jar;C:\Users\stevo\.m2\repository\org\springframework\spring-context\5.1.1.RELEASE\spring-context-5.1.1.RELEASE.jar;C:\Users\stevo\.m2\repository\org\springframework\spring-beans\5.1.1.RELEASE\spring-beans-5.1.1.RELEASE.jar;C:\Users\stevo\.m2\repository\org\springframework\spring-core\5.1.1.RELEASE\spring-core-5.1.1.RELEASE.jar;C:\Users\stevo\.m2\repository\org\springframework\spring-jcl\5.1.1.RELEASE\spring-jcl-5.1.1.RELEASE.jar;C:\Users\stevo\.m2\repository\org\springframework\spring-expression\5.1.1.RELEASE\spring-expression-5.1.1.RELEASE.jar;C:\Users\stevo\.m2\repository\javax\inject\javax.inject\1\javax.inject-1.jar;C:\Users\stevo\.m2\repository\org\springframework\spring-aop\5.1.1.RELEASE\spring-aop-5.1.1.RELEASE.jar;C:\Users\stevo\.m2\repository\org\assertj\assertj-core\3.11.1\assertj-core-3.11.1.jar;C:\Users\stevo\.m2\repository\org\slf4j\slf4j-api\1.7.25\slf4j-api-1.7.25.jar;C:\Users\stevo\.m2\repository\ch\qos\logback\logback-classic\1.2.3\logback-classic-1.2.3.jar;C:\Users\stevo\.m2\repository\ch\qos\logback\logback-core\1.2.3\logback-core-1.2.3.jar;C:\Users\stevo\.m2\repository\javax\validation\validation-api\2.0.1.Final\validation-api-2.0.1.Final.jar;C:\Users\stevo\.m2\repository\org\projectlombok\lombok\1.18.2\lombok-1.18.2.jar;C:\Users\stevo\.m2\repository\org\springframework\spring-tx\5.1.1.RELEASE\spring-tx-5.1.1.RELEASE.jar;C:\Users\stevo\.m2\repository\org\springframework\spring-test\5.1.1.RELEASE\spring-test-5.1.1.RELEASE.jar;C:\Users\stevo\.m2\repository\org\testng\testng\7.0.0-beta1\testng-7.0.0-beta1.jar;C:\Users\stevo\.m2\repository\com\beust\jcommander\1.72\jcommander-1.72.jar;C:\Users\stevo\.m2\repository\org\hibernate\javax\persistence\hibernate-jpa-2.1-api\1.0.2.Final\hibernate-jpa-2.1-api-1.0.2.Final.jar;C:\Users\stevo\.m2\repository\org\springframework\data\spring-data-jpa\2.1.1.RELEASE\spring-data-jpa-2.1.1.RELEASE.jar;C:\Users\stevo\.m2\repository\org\springframework\data\spring-data-commons\2.1.1.RELEASE\spring-data-commons-2.1.1.RELEASE.jar;C:\Users\stevo\.m2\repository\org\springframework\spring-orm\5.1.1.RELEASE\spring-orm-5.1.1.RELEASE.jar;C:\Users\stevo\.m2\repository\org\springframework\spring-jdbc\5.1.1.RELEASE\spring-jdbc-5.1.1.RELEASE.jar;C:\Users\stevo\.m2\repository\org\aspectj\aspectjrt\1.9.1\aspectjrt-1.9.1.jar;C:\Users\stevo\.m2\repository\org\hibernate\hibernate-core\5.3.7.Final\hibernate-core-5.3.7.Final.jar;C:\Users\stevo\.m2\repository\org\jboss\logging\jboss-logging\3.3.2.Final\jboss-logging-3.3.2.Final.jar;C:\Users\stevo\.m2\repository\javax\persistence\javax.persistence-api\2.2\javax.persistence-api-2.2.jar;C:\Users\stevo\.m2\repository\org\javassist\javassist\3.23.1-GA\javassist-3.23.1-GA.jar;C:\Users\stevo\.m2\repository\net\bytebuddy\byte-buddy\1.8.17\byte-buddy-1.8.17.jar;C:\Users\stevo\.m2\repository\antlr\antlr\2.7.7\antlr-2.7.7.jar;C:\Users\stevo\.m2\repository\org\jboss\spec\javax\transaction\jboss-transaction-api_1.2_spec\1.1.1.Final\jboss-transaction-api_1.2_spec-1.1.1.Final.jar;C:\Users\stevo\.m2\repository\org\jboss\jandex\2.0.5.Final\jandex-2.0.5.Final.jar;C:\Users\stevo\.m2\repository\com\fasterxml\classmate\1.3.4\classmate-1.3.4.jar;C:\Users\stevo\.m2\repository\javax\activation\javax.activation-api\1.2.0\javax.activation-api-1.2.0.jar;C:\Users\stevo\.m2\repository\org\dom4j\dom4j\2.1.1\dom4j-2.1.1.jar;C:\Users\stevo\.m2\repository\org\hibernate\common\hibernate-commons-annotations\5.0.4.Final\hibernate-commons-annotations-5.0.4.Final.jar;C:\Users\stevo\.m2\repository\org\apache\derby\derby\10.10.2.0\derby-10.10.2.0.jar;C:\Users\stevo\.m2\repository\org\hibernate\hibernate-validator\5.2.4.Final\hibernate-validator-5.2.4.Final.jar;C:\Users\stevo\.m2\repository\javax\el\javax.el-api\2.2.4\javax.el-api-2.2.4.jar;C:\Users\stevo\.m2\repository\javax\xml\bind\jaxb-api\2.1\jaxb-api-2.1.jar;C:\Users\stevo\.m2\repository\javax\xml\stream\stax-api\1.0-2\stax-api-1.0-2.jar;C:\Users\stevo\.m2\repository\javax\activation\activation\1.1\activation-1.1.jar;C:\Users\stevo\.m2\repository\org\apache\maven\surefire\surefire-testng\2.22.1\surefire-testng-2.22.1.jar;C:\Users\stevo\.m2\repository\org\apache\maven\surefire\common-java5\2.22.1\common-java5-2.22.1.jar;C:\Users\stevo\.m2\repository\org\apache\maven\surefire\surefire-testng-utils\2.22.1\surefire-testng-utils-2.22.1.jar;C:\Users\stevo\.m2\repository\org\apache\maven\surefire\surefire-grouper\2.22.1\surefire-grouper-2.22.1.jar"/>
    <property name="java.vm.vendor" value="&quot;Oracle Corporation&quot;"/>
    <property name="sun.arch.data.model" value="64"/>
    <property name="user.variant" value=""/>
    <property name="java.vendor.url" value="http://java.oracle.com/"/>
    <property name="user.timezone" value="Europe/Prague"/>
    <property name="java.vm.specification.version" value="10"/>
    <property name="os.name" value="Windows 10"/>
    <property name="sun.java.launcher" value="SUN_STANDARD"/>
    <property name="user.country" value="SK"/>
    <property name="sun.boot.library.path" value="C:\Program Files\Java\jdk-10\bin"/>
    <property name="sun.java.command" value="org.apache.maven.surefire.booter.ForkedBooter C:\Users\stevo\AppData\Local\Temp\surefire12677077465987122772 2018-10-29T21-28-21_930-jvmRun1 surefire10132200467727835628tmp surefire_06400115750913920481tmp"/>
    <property name="jdk.debug" value="release"/>
    <property name="surefire.test.class.path" value="C:\Users\stevo\Downloads\pa165\PA165_phone_shop\project\target\test-classes;C:\Users\stevo\Downloads\pa165\PA165_phone_shop\project\target\classes;C:\Users\stevo\.m2\repository\junit\junit\4.10\junit-4.10.jar;C:\Users\stevo\.m2\repository\org\hamcrest\hamcrest-core\1.1\hamcrest-core-1.1.jar;C:\Users\stevo\.m2\repository\org\mockito\mockito-all\1.10.19\mockito-all-1.10.19.jar;C:\Users\stevo\.m2\repository\org\springframework\spring-context\5.1.1.RELEASE\spring-context-5.1.1.RELEASE.jar;C:\Users\stevo\.m2\repository\org\springframework\spring-beans\5.1.1.RELEASE\spring-beans-5.1.1.RELEASE.jar;C:\Users\stevo\.m2\repository\org\springframework\spring-core\5.1.1.RELEASE\spring-core-5.1.1.RELEASE.jar;C:\Users\stevo\.m2\repository\org\springframework\spring-jcl\5.1.1.RELEASE\spring-jcl-5.1.1.RELEASE.jar;C:\Users\stevo\.m2\repository\org\springframework\spring-expression\5.1.1.RELEASE\spring-expression-5.1.1.RELEASE.jar;C:\Users\stevo\.m2\repository\javax\inject\javax.inject\1\javax.inject-1.jar;C:\Users\stevo\.m2\repository\org\springframework\spring-aop\5.1.1.RELEASE\spring-aop-5.1.1.RELEASE.jar;C:\Users\stevo\.m2\repository\org\assertj\assertj-core\3.11.1\assertj-core-3.11.1.jar;C:\Users\stevo\.m2\repository\org\slf4j\slf4j-api\1.7.25\slf4j-api-1.7.25.jar;C:\Users\stevo\.m2\repository\ch\qos\logback\logback-classic\1.2.3\logback-classic-1.2.3.jar;C:\Users\stevo\.m2\repository\ch\qos\logback\logback-core\1.2.3\logback-core-1.2.3.jar;C:\Users\stevo\.m2\repository\javax\validation\validation-api\2.0.1.Final\validation-api-2.0.1.Final.jar;C:\Users\stevo\.m2\repository\org\projectlombok\lombok\1.18.2\lombok-1.18.2.jar;C:\Users\stevo\.m2\repository\org\springframework\spring-tx\5.1.1.RELEASE\spring-tx-5.1.1.RELEASE.jar;C:\Users\stevo\.m2\repository\org\springframework\spring-test\5.1.1.RELEASE\spring-test-5.1.1.RELEASE.jar;C:\Users\stevo\.m2\repository\org\testng\testng\7.0.0-beta1\testng-7.0.0-beta1.jar;C:\Users\stevo\.m2\repository\com\beust\jcommander\1.72\jcommander-1.72.jar;C:\Users\stevo\.m2\repository\org\hibernate\javax\persistence\hibernate-jpa-2.1-api\1.0.2.Final\hibernate-jpa-2.1-api-1.0.2.Final.jar;C:\Users\stevo\.m2\repository\org\springframework\data\spring-data-jpa\2.1.1.RELEASE\spring-data-jpa-2.1.1.RELEASE.jar;C:\Users\stevo\.m2\repository\org\springframework\data\spring-data-commons\2.1.1.RELEASE\spring-data-commons-2.1.1.RELEASE.jar;C:\Users\stevo\.m2\repository\org\springframework\spring-orm\5.1.1.RELEASE\spring-orm-5.1.1.RELEASE.jar;C:\Users\stevo\.m2\repository\org\springframework\spring-jdbc\5.1.1.RELEASE\spring-jdbc-5.1.1.RELEASE.jar;C:\Users\stevo\.m2\repository\org\aspectj\aspectjrt\1.9.1\aspectjrt-1.9.1.jar;C:\Users\stevo\.m2\repository\org\hibernate\hibernate-core\5.3.7.Final\hibernate-core-5.3.7.Final.jar;C:\Users\stevo\.m2\repository\org\jboss\logging\jboss-logging\3.3.2.Final\jboss-logging-3.3.2.Final.jar;C:\Users\stevo\.m2\repository\javax\persistence\javax.persistence-api\2.2\javax.persistence-api-2.2.jar;C:\Users\stevo\.m2\repository\org\javassist\javassist\3.23.1-GA\javassist-3.23.1-GA.jar;C:\Users\stevo\.m2\repository\net\bytebuddy\byte-buddy\1.8.17\byte-buddy-1.8.17.jar;C:\Users\stevo\.m2\repository\antlr\antlr\2.7.7\antlr-2.7.7.jar;C:\Users\stevo\.m2\repository\org\jboss\spec\javax\transaction\jboss-transaction-api_1.2_spec\1.1.1.Final\jboss-transaction-api_1.2_spec-1.1.1.Final.jar;C:\Users\stevo\.m2\repository\org\jboss\jandex\2.0.5.Final\jandex-2.0.5.Final.jar;C:\Users\stevo\.m2\repository\com\fasterxml\classmate\1.3.4\classmate-1.3.4.jar;C:\Users\stevo\.m2\repository\javax\activation\javax.activation-api\1.2.0\javax.activation-api-1.2.0.jar;C:\Users\stevo\.m2\repository\org\dom4j\dom4j\2.1.1\dom4j-2.1.1.jar;C:\Users\stevo\.m2\repository\org\hibernate\common\hibernate-commons-annotations\5.0.4.Final\hibernate-commons-annotations-5.0.4.Final.jar;C:\Users\stevo\.m2\repository\org\apache\derby\derby\10.10.2.0\derby-10.10.2.0.jar;C:\Users\stevo\.m2\repository\org\hibernate\hibernate-validator\5.2.4.Final\hibernate-validator-5.2.4.Final.jar;C:\Users\stevo\.m2\repository\javax\el\javax.el-api\2.2.4\javax.el-api-2.2.4.jar;C:\Users\stevo\.m2\repository\javax\xml\bind\jaxb-api\2.1\jaxb-api-2.1.jar;C:\Users\stevo\.m2\repository\javax\xml\stream\stax-api\1.0-2\stax-api-1.0-2.jar;C:\Users\stevo\.m2\repository\javax\activation\activation\1.1\activation-1.1.jar;"/>
    <property name="sun.cpu.endian" value="little"/>
    <property name="user.home" value="C:\Users\stevo"/>
    <property name="user.language" value="sk"/>
    <property name="java.specification.vendor" value="Oracle Corporation"/>
    <property name="java.version.date" value="2018-03-20"/>
    <property name="java.home" value="C:\Program Files\Java\jdk-10"/>
    <property name="file.separator" value="\"/>
    <property name="basedir" value="C:\Users\stevo\Downloads\pa165\PA165_phone_shop\project"/>
    <property name="java.vm.compressedOopsMode" value="32-bit"/>
    <property name="line.separator" value="&#10;"/>
    <property name="java.specification.name" value="Java Platform API Specification"/>
    <property name="java.vm.specification.vendor" value="Oracle Corporation"/>
    <property name="java.awt.graphicsenv" value="sun.awt.Win32GraphicsEnvironment"/>
    <property name="user.script" value=""/>
    <property name="sun.management.compiler" value="HotSpot 64-Bit Tiered Compilers"/>
    <property name="java.runtime.version" value="10+46"/>
    <property name="user.name" value="stevo"/>
    <property name="path.separator" value=";"/>
    <property name="os.version" value="10.0"/>
    <property name="java.runtime.name" value="Java(TM) SE Runtime Environment"/>
    <property name="file.encoding" value="Cp1250"/>
    <property name="java.vm.name" value="Java HotSpot(TM) 64-Bit Server VM"/>
    <property name="java.vendor.version" value="18.3"/>
    <property name="localRepository" value="C:\Users\stevo\.m2\repository"/>
    <property name="java.vendor.url.bug" value="http://bugreport.java.com/bugreport/"/>
    <property name="java.io.tmpdir" value="C:\Users\stevo\AppData\Local\Temp\"/>
    <property name="java.version" value="10"/>
    <property name="user.dir" value="C:\Users\stevo\Downloads\pa165\PA165_phone_shop\project"/>
    <property name="os.arch" value="amd64"/>
    <property name="java.vm.specification.name" value="Java Virtual Machine Specification"/>
    <property name="java.awt.printerjob" value="sun.awt.windows.WPrinterJob"/>
    <property name="sun.os.patch.level" value=""/>
    <property name="java.library.path" value="C:\Program Files\Java\jdk-10\bin;C:\WINDOWS\Sun\Java\bin;C:\WINDOWS\system32;C:\WINDOWS;C:\Users\stevo\bin;C:\Program Files\Git\mingw64\bin;C:\Program Files\Git\usr\local\bin;C:\Program Files\Git\usr\bin;C:\Program Files\Git\usr\bin;C:\Program Files\Git\mingw64\bin;C:\Program Files\Git\usr\bin;C:\Users\stevo\bin;C:\Program Files (x86)\Common Files\Oracle\Java\javapath;C:\ProgramData\Oracle\Java\javapath;C:\WINDOWS\system32;C:\WINDOWS;C:\WINDOWS\System32\Wbem;C:\WINDOWS\System32\WindowsPowerShell\v1.0;C:\Program Files\Git\cmd;C:\apache-maven-3.5.3\bin;C:\Program Files\OpenVPN\bin;C:\Program Files\PuTTY;C:\WINDOWS\System32\OpenSSH;C:\Users\stevo\AppData\Local\Microsoft\WindowsApps;C:\texlive\2017\bin\win32;C:\Users\stevo\AppData\Local\atom\bin;C:\Program Files\Git\usr\bin\vendor_perl;C:\Program Files\Git\usr\bin\core_perl;."/>
    <property name="java.vendor" value="Oracle Corporation"/>
    <property name="java.vm.info" value="mixed mode"/>
    <property name="java.vm.version" value="10+46"/>
    <property name="sun.io.unicode.encoding" value="UnicodeLittle"/>
    <property name="java.class.version" value="54.0"/>
  </properties>
  <testcase name="createNull" classname="cz.muni.fi.pa165.smartphonEShop.dao.AddressDaoTest" time="0.002"/>
  <testcase name="delete" classname="cz.muni.fi.pa165.smartphonEShop.dao.AddressDaoTest" time="0.274"/>
  <testcase name="deleteNull" classname="cz.muni.fi.pa165.smartphonEShop.dao.AddressDaoTest" time="0"/>
  <testcase name="findAll" classname="cz.muni.fi.pa165.smartphonEShop.dao.AddressDaoTest" time="0.039"/>
  <testcase name="findById" classname="cz.muni.fi.pa165.smartphonEShop.dao.AddressDaoTest" time="0.006"/>
  <testcase name="findByIdNegative" classname="cz.muni.fi.pa165.smartphonEShop.dao.AddressDaoTest" time="0"/>
  <testcase name="findByIdNull" classname="cz.muni.fi.pa165.smartphonEShop.dao.AddressDaoTest" time="0"/>
  <testcase name="update" classname="cz.muni.fi.pa165.smartphonEShop.dao.AddressDaoTest" time="0.006"/>
  <testcase name="updateNull" classname="cz.muni.fi.pa165.smartphonEShop.dao.AddressDaoTest" time="0"/>
  <testcase name="create" classname="cz.muni.fi.pa165.smartphonEShop.dao.ClaimDaoTest" time="0.245"/>
  <testcase name="createNull" classname="cz.muni.fi.pa165.smartphonEShop.dao.ClaimDaoTest" time="0"/>
  <testcase name="delete" classname="cz.muni.fi.pa165.smartphonEShop.dao.ClaimDaoTest" time="0.247"/>
  <testcase name="deleteNull" classname="cz.muni.fi.pa165.smartphonEShop.dao.ClaimDaoTest" time="0"/>
  <testcase name="findAll" classname="cz.muni.fi.pa165.smartphonEShop.dao.ClaimDaoTest" time="0.082"/>
  <testcase name="findById" classname="cz.muni.fi.pa165.smartphonEShop.dao.ClaimDaoTest" time="0.011"/>
  <testcase name="findByIdNegative" classname="cz.muni.fi.pa165.smartphonEShop.dao.ClaimDaoTest" time="0"/>
  <testcase name="findByIdNull" classname="cz.muni.fi.pa165.smartphonEShop.dao.ClaimDaoTest" time="0"/>
  <testcase name="update" classname="cz.muni.fi.pa165.smartphonEShop.dao.ClaimDaoTest" time="0.005"/>
  <testcase name="updateNull" classname="cz.muni.fi.pa165.smartphonEShop.dao.ClaimDaoTest" time="0"/>
  <testcase name="create" classname="cz.muni.fi.pa165.smartphonEShop.dao.OrderDaoTest" time="0.004"/>
  <testcase name="createNull" classname="cz.muni.fi.pa165.smartphonEShop.dao.OrderDaoTest" time="0"/>
  <testcase name="delete" classname="cz.muni.fi.pa165.smartphonEShop.dao.OrderDaoTest" time="0.203"/>
  <testcase name="deleteNull" classname="cz.muni.fi.pa165.smartphonEShop.dao.OrderDaoTest" time="0"/>
  <testcase name="findAll" classname="cz.muni.fi.pa165.smartphonEShop.dao.OrderDaoTest" time="0.082"/>
  <testcase name="findById" classname="cz.muni.fi.pa165.smartphonEShop.dao.OrderDaoTest" time="0.073"/>
  <testcase name="findByIdNegative" classname="cz.muni.fi.pa165.smartphonEShop.dao.OrderDaoTest" time="0.001"/>
  <testcase name="findByIdNull" classname="cz.muni.fi.pa165.smartphonEShop.dao.OrderDaoTest" time="0"/>
  <testcase name="update" classname="cz.muni.fi.pa165.smartphonEShop.dao.OrderDaoTest" time="0.006"/>
  <testcase name="updateNull" classname="cz.muni.fi.pa165.smartphonEShop.dao.OrderDaoTest" time="0"/>
  <testcase name="createNull" classname="cz.muni.fi.pa165.smartphonEShop.dao.PersonDaoTest" time="0"/>
  <testcase name="delete" classname="cz.muni.fi.pa165.smartphonEShop.dao.PersonDaoTest" time="0.17"/>
  <testcase name="deleteNull" classname="cz.muni.fi.pa165.smartphonEShop.dao.PersonDaoTest" time="0"/>
  <testcase name="findAll" classname="cz.muni.fi.pa165.smartphonEShop.dao.PersonDaoTest" time="0.045"/>
  <testcase name="findById" classname="cz.muni.fi.pa165.smartphonEShop.dao.PersonDaoTest" time="0.006"/>
  <testcase name="findByIdNegative" classname="cz.muni.fi.pa165.smartphonEShop.dao.PersonDaoTest" time="0"/>
  <testcase name="findByIdNull" classname="cz.muni.fi.pa165.smartphonEShop.dao.PersonDaoTest" time="0"/>
  <testcase name="update" classname="cz.muni.fi.pa165.smartphonEShop.dao.PersonDaoTest" time="0.006"/>
  <testcase name="updateNull" classname="cz.muni.fi.pa165.smartphonEShop.dao.PersonDaoTest" time="0"/>
  <testcase name="createNull" classname="cz.muni.fi.pa165.smartphonEShop.dao.PhoneDaoTest" time="0"/>
  <testcase name="delete" classname="cz.muni.fi.pa165.smartphonEShop.dao.PhoneDaoTest" time="0.223"/>
  <testcase name="deleteNull" classname="cz.muni.fi.pa165.smartphonEShop.dao.PhoneDaoTest" time="0"/>
  <testcase name="findAll" classname="cz.muni.fi.pa165.smartphonEShop.dao.PhoneDaoTest" time="0.104"/>
  <testcase name="findById" classname="cz.muni.fi.pa165.smartphonEShop.dao.PhoneDaoTest" time="0.068"/>
  <testcase name="findByIdNegative" classname="cz.muni.fi.pa165.smartphonEShop.dao.PhoneDaoTest" time="0"/>
  <testcase name="findByIdNull" classname="cz.muni.fi.pa165.smartphonEShop.dao.PhoneDaoTest" time="0"/>
  <testcase name="update" classname="cz.muni.fi.pa165.smartphonEShop.dao.PhoneDaoTest" time="0.015"/>
  <testcase name="updateNull" classname="cz.muni.fi.pa165.smartphonEShop.dao.PhoneDaoTest" time="0"/>
  <testcase name="createNull" classname="cz.muni.fi.pa165.smartphonEShop.dao.StockDaoTest" time="0"/>
  <testcase name="delete" classname="cz.muni.fi.pa165.smartphonEShop.dao.StockDaoTest" time="0.067"/>
  <testcase name="deleteNull" classname="cz.muni.fi.pa165.smartphonEShop.dao.StockDaoTest" time="0"/>
  <testcase name="findAll" classname="cz.muni.fi.pa165.smartphonEShop.dao.StockDaoTest" time="0.052"/>
  <testcase name="findById" classname="cz.muni.fi.pa165.smartphonEShop.dao.StockDaoTest" time="0.02"/>
  <testcase name="findByIdNegative" classname="cz.muni.fi.pa165.smartphonEShop.dao.StockDaoTest" time="0"/>
  <testcase name="findByIdNull" classname="cz.muni.fi.pa165.smartphonEShop.dao.StockDaoTest" time="0"/>
  <testcase name="update" classname="cz.muni.fi.pa165.smartphonEShop.dao.StockDaoTest" time="0.008"/>
  <testcase name="updateNull" classname="cz.muni.fi.pa165.smartphonEShop.dao.StockDaoTest" time="0"/>
</testsuite>