<?xml version="1.0" encoding="UTF-8"?>
<testsuite xmlns:xsi="http://www.w3.org/2001/XMLSchema-instance" xsi:noNamespaceSchemaLocation="https://maven.apache.org/surefire/maven-surefire-plugin/xsd/surefire-test-report.xsd" name="TestSuite" time="10.846" tests="56" errors="0" skipped="0" failures="0">
  <properties>
    <property name="sun.desktop" value="gnome"/>
    <property name="awt.toolkit" value="sun.awt.X11.XToolkit"/>
    <property name="file.encoding.pkg" value="sun.io"/>
    <property name="java.specification.version" value="1.8"/>
    <property name="sun.cpu.isalist" value=""/>
    <property name="sun.jnu.encoding" value="UTF-8"/>
    <property name="java.class.path" value="/home/martin/.m2/repository/org/apache/maven/surefire/surefire-booter/2.22.1/surefire-booter-2.22.1.jar:/home/martin/.m2/repository/org/apache/maven/surefire/surefire-api/2.22.1/surefire-api-2.22.1.jar:/home/martin/.m2/repository/org/apache/maven/surefire/surefire-logger-api/2.22.1/surefire-logger-api-2.22.1.jar:/home/martin/data-linux/projects/PA165/PA165_phone_shop/persistence/target/test-classes:/home/martin/data-linux/projects/PA165/PA165_phone_shop/persistence/target/classes:/home/martin/.m2/repository/junit/junit/4.10/junit-4.10.jar:/home/martin/.m2/repository/org/hamcrest/hamcrest-core/1.1/hamcrest-core-1.1.jar:/home/martin/.m2/repository/org/mockito/mockito-all/1.10.19/mockito-all-1.10.19.jar:/home/martin/.m2/repository/org/springframework/spring-context/5.1.1.RELEASE/spring-context-5.1.1.RELEASE.jar:/home/martin/.m2/repository/org/springframework/spring-beans/5.1.1.RELEASE/spring-beans-5.1.1.RELEASE.jar:/home/martin/.m2/repository/org/springframework/spring-core/5.1.1.RELEASE/spring-core-5.1.1.RELEASE.jar:/home/martin/.m2/repository/org/springframework/spring-jcl/5.1.1.RELEASE/spring-jcl-5.1.1.RELEASE.jar:/home/martin/.m2/repository/org/springframework/spring-expression/5.1.1.RELEASE/spring-expression-5.1.1.RELEASE.jar:/home/martin/.m2/repository/javax/inject/javax.inject/1/javax.inject-1.jar:/home/martin/.m2/repository/org/springframework/spring-aop/5.1.1.RELEASE/spring-aop-5.1.1.RELEASE.jar:/home/martin/.m2/repository/org/assertj/assertj-core/3.11.1/assertj-core-3.11.1.jar:/home/martin/.m2/repository/org/slf4j/slf4j-api/1.7.25/slf4j-api-1.7.25.jar:/home/martin/.m2/repository/ch/qos/logback/logback-classic/1.2.3/logback-classic-1.2.3.jar:/home/martin/.m2/repository/ch/qos/logback/logback-core/1.2.3/logback-core-1.2.3.jar:/home/martin/.m2/repository/javax/validation/validation-api/2.0.1.Final/validation-api-2.0.1.Final.jar:/home/martin/.m2/repository/org/projectlombok/lombok/1.18.2/lombok-1.18.2.jar:/home/martin/.m2/repository/org/springframework/spring-tx/5.1.1.RELEASE/spring-tx-5.1.1.RELEASE.jar:/home/martin/.m2/repository/org/springframework/spring-test/5.1.1.RELEASE/spring-test-5.1.1.RELEASE.jar:/home/martin/.m2/repository/org/testng/testng/7.0.0-beta1/testng-7.0.0-beta1.jar:/home/martin/.m2/repository/com/beust/jcommander/1.72/jcommander-1.72.jar:/home/martin/.m2/repository/org/hibernate/javax/persistence/hibernate-jpa-2.1-api/1.0.2.Final/hibernate-jpa-2.1-api-1.0.2.Final.jar:/home/martin/.m2/repository/org/springframework/data/spring-data-jpa/2.1.1.RELEASE/spring-data-jpa-2.1.1.RELEASE.jar:/home/martin/.m2/repository/org/springframework/data/spring-data-commons/2.1.1.RELEASE/spring-data-commons-2.1.1.RELEASE.jar:/home/martin/.m2/repository/org/springframework/spring-orm/5.1.1.RELEASE/spring-orm-5.1.1.RELEASE.jar:/home/martin/.m2/repository/org/springframework/spring-jdbc/5.1.1.RELEASE/spring-jdbc-5.1.1.RELEASE.jar:/home/martin/.m2/repository/org/aspectj/aspectjrt/1.9.1/aspectjrt-1.9.1.jar:/home/martin/.m2/repository/org/hibernate/hibernate-core/5.3.7.Final/hibernate-core-5.3.7.Final.jar:/home/martin/.m2/repository/org/jboss/logging/jboss-logging/3.3.2.Final/jboss-logging-3.3.2.Final.jar:/home/martin/.m2/repository/javax/persistence/javax.persistence-api/2.2/javax.persistence-api-2.2.jar:/home/martin/.m2/repository/org/javassist/javassist/3.23.1-GA/javassist-3.23.1-GA.jar:/home/martin/.m2/repository/net/bytebuddy/byte-buddy/1.8.17/byte-buddy-1.8.17.jar:/home/martin/.m2/repository/antlr/antlr/2.7.7/antlr-2.7.7.jar:/home/martin/.m2/repository/org/jboss/spec/javax/transaction/jboss-transaction-api_1.2_spec/1.1.1.Final/jboss-transaction-api_1.2_spec-1.1.1.Final.jar:/home/martin/.m2/repository/org/jboss/jandex/2.0.5.Final/jandex-2.0.5.Final.jar:/home/martin/.m2/repository/com/fasterxml/classmate/1.3.4/classmate-1.3.4.jar:/home/martin/.m2/repository/javax/activation/javax.activation-api/1.2.0/javax.activation-api-1.2.0.jar:/home/martin/.m2/repository/org/dom4j/dom4j/2.1.1/dom4j-2.1.1.jar:/home/martin/.m2/repository/org/hibernate/common/hibernate-commons-annotations/5.0.4.Final/hibernate-commons-annotations-5.0.4.Final.jar:/home/martin/.m2/repository/org/apache/derby/derby/10.10.2.0/derby-10.10.2.0.jar:/home/martin/.m2/repository/org/hibernate/hibernate-validator/5.2.4.Final/hibernate-validator-5.2.4.Final.jar:/home/martin/.m2/repository/javax/el/javax.el-api/2.2.4/javax.el-api-2.2.4.jar:/home/martin/.m2/repository/javax/xml/bind/jaxb-api/2.1/jaxb-api-2.1.jar:/home/martin/.m2/repository/javax/xml/stream/stax-api/1.0-2/stax-api-1.0-2.jar:/home/martin/.m2/repository/javax/activation/activation/1.1/activation-1.1.jar:/home/martin/.m2/repository/org/apache/maven/surefire/surefire-testng/2.22.1/surefire-testng-2.22.1.jar:/home/martin/.m2/repository/org/apache/maven/surefire/common-java5/2.22.1/common-java5-2.22.1.jar:/home/martin/.m2/repository/org/apache/maven/surefire/surefire-testng-utils/2.22.1/surefire-testng-utils-2.22.1.jar:/home/martin/.m2/repository/org/apache/maven/surefire/surefire-grouper/2.22.1/surefire-grouper-2.22.1.jar"/>
    <property name="java.vm.vendor" value="Oracle Corporation"/>
    <property name="sun.arch.data.model" value="64"/>
    <property name="java.vendor.url" value="http://java.oracle.com/"/>
    <property name="user.timezone" value=""/>
    <property name="java.vm.specification.version" value="1.8"/>
    <property name="os.name" value="Linux"/>
    <property name="sun.java.launcher" value="SUN_STANDARD"/>
    <property name="user.country" value="US"/>
    <property name="sun.boot.library.path" value="/usr/lib/jvm/java-8-openjdk-amd64/jre/lib/amd64"/>
    <property name="sun.java.command" value="org.apache.maven.surefire.booter.ForkedBooter /home/martin/data-linux/projects/PA165/PA165_phone_shop/persistence/target/surefire 2018-11-07T18-43-23_924-jvmRun1 surefire8334300838177264729tmp surefire_05586812335134822804tmp"/>
    <property name="surefire.test.class.path" value="/home/martin/data-linux/projects/PA165/PA165_phone_shop/persistence/target/test-classes:/home/martin/data-linux/projects/PA165/PA165_phone_shop/persistence/target/classes:/home/martin/.m2/repository/junit/junit/4.10/junit-4.10.jar:/home/martin/.m2/repository/org/hamcrest/hamcrest-core/1.1/hamcrest-core-1.1.jar:/home/martin/.m2/repository/org/mockito/mockito-all/1.10.19/mockito-all-1.10.19.jar:/home/martin/.m2/repository/org/springframework/spring-context/5.1.1.RELEASE/spring-context-5.1.1.RELEASE.jar:/home/martin/.m2/repository/org/springframework/spring-beans/5.1.1.RELEASE/spring-beans-5.1.1.RELEASE.jar:/home/martin/.m2/repository/org/springframework/spring-core/5.1.1.RELEASE/spring-core-5.1.1.RELEASE.jar:/home/martin/.m2/repository/org/springframework/spring-jcl/5.1.1.RELEASE/spring-jcl-5.1.1.RELEASE.jar:/home/martin/.m2/repository/org/springframework/spring-expression/5.1.1.RELEASE/spring-expression-5.1.1.RELEASE.jar:/home/martin/.m2/repository/javax/inject/javax.inject/1/javax.inject-1.jar:/home/martin/.m2/repository/org/springframework/spring-aop/5.1.1.RELEASE/spring-aop-5.1.1.RELEASE.jar:/home/martin/.m2/repository/org/assertj/assertj-core/3.11.1/assertj-core-3.11.1.jar:/home/martin/.m2/repository/org/slf4j/slf4j-api/1.7.25/slf4j-api-1.7.25.jar:/home/martin/.m2/repository/ch/qos/logback/logback-classic/1.2.3/logback-classic-1.2.3.jar:/home/martin/.m2/repository/ch/qos/logback/logback-core/1.2.3/logback-core-1.2.3.jar:/home/martin/.m2/repository/javax/validation/validation-api/2.0.1.Final/validation-api-2.0.1.Final.jar:/home/martin/.m2/repository/org/projectlombok/lombok/1.18.2/lombok-1.18.2.jar:/home/martin/.m2/repository/org/springframework/spring-tx/5.1.1.RELEASE/spring-tx-5.1.1.RELEASE.jar:/home/martin/.m2/repository/org/springframework/spring-test/5.1.1.RELEASE/spring-test-5.1.1.RELEASE.jar:/home/martin/.m2/repository/org/testng/testng/7.0.0-beta1/testng-7.0.0-beta1.jar:/home/martin/.m2/repository/com/beust/jcommander/1.72/jcommander-1.72.jar:/home/martin/.m2/repository/org/hibernate/javax/persistence/hibernate-jpa-2.1-api/1.0.2.Final/hibernate-jpa-2.1-api-1.0.2.Final.jar:/home/martin/.m2/repository/org/springframework/data/spring-data-jpa/2.1.1.RELEASE/spring-data-jpa-2.1.1.RELEASE.jar:/home/martin/.m2/repository/org/springframework/data/spring-data-commons/2.1.1.RELEASE/spring-data-commons-2.1.1.RELEASE.jar:/home/martin/.m2/repository/org/springframework/spring-orm/5.1.1.RELEASE/spring-orm-5.1.1.RELEASE.jar:/home/martin/.m2/repository/org/springframework/spring-jdbc/5.1.1.RELEASE/spring-jdbc-5.1.1.RELEASE.jar:/home/martin/.m2/repository/org/aspectj/aspectjrt/1.9.1/aspectjrt-1.9.1.jar:/home/martin/.m2/repository/org/hibernate/hibernate-core/5.3.7.Final/hibernate-core-5.3.7.Final.jar:/home/martin/.m2/repository/org/jboss/logging/jboss-logging/3.3.2.Final/jboss-logging-3.3.2.Final.jar:/home/martin/.m2/repository/javax/persistence/javax.persistence-api/2.2/javax.persistence-api-2.2.jar:/home/martin/.m2/repository/org/javassist/javassist/3.23.1-GA/javassist-3.23.1-GA.jar:/home/martin/.m2/repository/net/bytebuddy/byte-buddy/1.8.17/byte-buddy-1.8.17.jar:/home/martin/.m2/repository/antlr/antlr/2.7.7/antlr-2.7.7.jar:/home/martin/.m2/repository/org/jboss/spec/javax/transaction/jboss-transaction-api_1.2_spec/1.1.1.Final/jboss-transaction-api_1.2_spec-1.1.1.Final.jar:/home/martin/.m2/repository/org/jboss/jandex/2.0.5.Final/jandex-2.0.5.Final.jar:/home/martin/.m2/repository/com/fasterxml/classmate/1.3.4/classmate-1.3.4.jar:/home/martin/.m2/repository/javax/activation/javax.activation-api/1.2.0/javax.activation-api-1.2.0.jar:/home/martin/.m2/repository/org/dom4j/dom4j/2.1.1/dom4j-2.1.1.jar:/home/martin/.m2/repository/org/hibernate/common/hibernate-commons-annotations/5.0.4.Final/hibernate-commons-annotations-5.0.4.Final.jar:/home/martin/.m2/repository/org/apache/derby/derby/10.10.2.0/derby-10.10.2.0.jar:/home/martin/.m2/repository/org/hibernate/hibernate-validator/5.2.4.Final/hibernate-validator-5.2.4.Final.jar:/home/martin/.m2/repository/javax/el/javax.el-api/2.2.4/javax.el-api-2.2.4.jar:/home/martin/.m2/repository/javax/xml/bind/jaxb-api/2.1/jaxb-api-2.1.jar:/home/martin/.m2/repository/javax/xml/stream/stax-api/1.0-2/stax-api-1.0-2.jar:/home/martin/.m2/repository/javax/activation/activation/1.1/activation-1.1.jar:"/>
    <property name="sun.cpu.endian" value="little"/>
    <property name="user.home" value="/home/martin"/>
    <property name="user.language" value="en"/>
    <property name="java.specification.vendor" value="Oracle Corporation"/>
    <property name="java.home" value="/usr/lib/jvm/java-8-openjdk-amd64/jre"/>
    <property name="basedir" value="/home/martin/data-linux/projects/PA165/PA165_phone_shop/persistence"/>
    <property name="file.separator" value="/"/>
    <property name="line.separator" value="&#10;"/>
    <property name="java.vm.specification.vendor" value="Oracle Corporation"/>
    <property name="java.specification.name" value="Java Platform API Specification"/>
    <property name="java.awt.graphicsenv" value="sun.awt.X11GraphicsEnvironment"/>
    <property name="sun.boot.class.path" value="/usr/lib/jvm/java-8-openjdk-amd64/jre/lib/resources.jar:/usr/lib/jvm/java-8-openjdk-amd64/jre/lib/rt.jar:/usr/lib/jvm/java-8-openjdk-amd64/jre/lib/sunrsasign.jar:/usr/lib/jvm/java-8-openjdk-amd64/jre/lib/jsse.jar:/usr/lib/jvm/java-8-openjdk-amd64/jre/lib/jce.jar:/usr/lib/jvm/java-8-openjdk-amd64/jre/lib/charsets.jar:/usr/lib/jvm/java-8-openjdk-amd64/jre/lib/jfr.jar:/usr/lib/jvm/java-8-openjdk-amd64/jre/classes"/>
    <property name="sun.management.compiler" value="HotSpot 64-Bit Tiered Compilers"/>
    <property name="java.runtime.version" value="1.8.0_181-8u181-b13-2~deb9u1-b13"/>
    <property name="user.name" value="martin"/>
    <property name="path.separator" value=":"/>
    <property name="os.version" value="4.9.0-8-amd64"/>
    <property name="java.endorsed.dirs" value="/usr/lib/jvm/java-8-openjdk-amd64/jre/lib/endorsed"/>
    <property name="java.runtime.name" value="OpenJDK Runtime Environment"/>
    <property name="file.encoding" value="UTF-8"/>
    <property name="java.vm.name" value="OpenJDK 64-Bit Server VM"/>
    <property name="maven.ext.class.path" value="/home/martin/.netbeans/8.1/maven-nblib/netbeans-eventspy.jar"/>
    <property name="localRepository" value="/home/martin/.m2/repository"/>
    <property name="java.vendor.url.bug" value="http://bugreport.sun.com/bugreport/"/>
    <property name="java.io.tmpdir" value="/tmp"/>
    <property name="java.version" value="1.8.0_181"/>
    <property name="user.dir" value="/home/martin/data-linux/projects/PA165/PA165_phone_shop/persistence"/>
    <property name="os.arch" value="amd64"/>
    <property name="java.vm.specification.name" value="Java Virtual Machine Specification"/>
    <property name="java.awt.printerjob" value="sun.print.PSPrinterJob"/>
    <property name="sun.os.patch.level" value="unknown"/>
    <property name="java.library.path" value="/usr/lib/jvm/java-8-openjdk-amd64/bin/../jre/lib/amd64:/usr/lib/jvm/java-8-openjdk-amd64/bin/../jre/lib/i386::/usr/java/packages/lib/amd64:/usr/lib/x86_64-linux-gnu/jni:/lib/x86_64-linux-gnu:/usr/lib/x86_64-linux-gnu:/usr/lib/jni:/lib:/usr/lib"/>
    <property name="java.vm.info" value="mixed mode"/>
    <property name="java.vendor" value="Oracle Corporation"/>
    <property name="java.vm.version" value="25.181-b13"/>
    <property name="java.ext.dirs" value="/usr/lib/jvm/java-8-openjdk-amd64/jre/lib/ext:/usr/java/packages/lib/ext"/>
    <property name="sun.io.unicode.encoding" value="UnicodeLittle"/>
    <property name="java.class.version" value="52.0"/>
  </properties>
  <testcase name="createNull" classname="cz.muni.fi.pa165.smartphonEShop.dao.PhoneDaoTest" time="0.006"/>
  <testcase name="delete" classname="cz.muni.fi.pa165.smartphonEShop.dao.PhoneDaoTest" time="0.403"/>
  <testcase name="deleteNull" classname="cz.muni.fi.pa165.smartphonEShop.dao.PhoneDaoTest" time="0"/>
  <testcase name="findAll" classname="cz.muni.fi.pa165.smartphonEShop.dao.PhoneDaoTest" time="0.025"/>
  <testcase name="findById" classname="cz.muni.fi.pa165.smartphonEShop.dao.PhoneDaoTest" time="0.013"/>
  <testcase name="findByIdNegative" classname="cz.muni.fi.pa165.smartphonEShop.dao.PhoneDaoTest" time="0"/>
  <testcase name="findByIdNull" classname="cz.muni.fi.pa165.smartphonEShop.dao.PhoneDaoTest" time="0.001"/>
  <testcase name="update" classname="cz.muni.fi.pa165.smartphonEShop.dao.PhoneDaoTest" time="0.006"/>
  <testcase name="updateNull" classname="cz.muni.fi.pa165.smartphonEShop.dao.PhoneDaoTest" time="0"/>
  <testcase name="createNull" classname="cz.muni.fi.pa165.smartphonEShop.dao.StockDaoTest" time="0"/>
  <testcase name="delete" classname="cz.muni.fi.pa165.smartphonEShop.dao.StockDaoTest" time="0.018"/>
  <testcase name="deleteNull" classname="cz.muni.fi.pa165.smartphonEShop.dao.StockDaoTest" time="0"/>
  <testcase name="findAll" classname="cz.muni.fi.pa165.smartphonEShop.dao.StockDaoTest" time="0.038"/>
  <testcase name="findById" classname="cz.muni.fi.pa165.smartphonEShop.dao.StockDaoTest" time="0.003"/>
  <testcase name="findByIdNegative" classname="cz.muni.fi.pa165.smartphonEShop.dao.StockDaoTest" time="0.001"/>
  <testcase name="findByIdNull" classname="cz.muni.fi.pa165.smartphonEShop.dao.StockDaoTest" time="0.001"/>
  <testcase name="update" classname="cz.muni.fi.pa165.smartphonEShop.dao.StockDaoTest" time="0.002"/>
  <testcase name="updateNull" classname="cz.muni.fi.pa165.smartphonEShop.dao.StockDaoTest" time="0"/>
  <testcase name="createNull" classname="cz.muni.fi.pa165.smartphonEShop.dao.PersonDaoTest" time="0"/>
  <testcase name="delete" classname="cz.muni.fi.pa165.smartphonEShop.dao.PersonDaoTest" time="0.197"/>
  <testcase name="deleteNull" classname="cz.muni.fi.pa165.smartphonEShop.dao.PersonDaoTest" time="0"/>
  <testcase name="findAll" classname="cz.muni.fi.pa165.smartphonEShop.dao.PersonDaoTest" time="0.029"/>
  <testcase name="findById" classname="cz.muni.fi.pa165.smartphonEShop.dao.PersonDaoTest" time="0.005"/>
  <testcase name="findByIdNegative" classname="cz.muni.fi.pa165.smartphonEShop.dao.PersonDaoTest" time="0.001"/>
  <testcase name="findByIdNull" classname="cz.muni.fi.pa165.smartphonEShop.dao.PersonDaoTest" time="0"/>
  <testcase name="update" classname="cz.muni.fi.pa165.smartphonEShop.dao.PersonDaoTest" time="0.001"/>
  <testcase name="updateNull" classname="cz.muni.fi.pa165.smartphonEShop.dao.PersonDaoTest" time="0"/>
  <testcase name="create" classname="cz.muni.fi.pa165.smartphonEShop.dao.ClaimDaoTest" time="0.051"/>
  <testcase name="createNull" classname="cz.muni.fi.pa165.smartphonEShop.dao.ClaimDaoTest" time="0.001"/>
  <testcase name="delete" classname="cz.muni.fi.pa165.smartphonEShop.dao.ClaimDaoTest" time="0.068"/>
  <testcase name="deleteNull" classname="cz.muni.fi.pa165.smartphonEShop.dao.ClaimDaoTest" time="0"/>
  <testcase name="findAll" classname="cz.muni.fi.pa165.smartphonEShop.dao.ClaimDaoTest" time="0.016"/>
  <testcase name="findById" classname="cz.muni.fi.pa165.smartphonEShop.dao.ClaimDaoTest" time="0.002"/>
  <testcase name="findByIdNegative" classname="cz.muni.fi.pa165.smartphonEShop.dao.ClaimDaoTest" time="0"/>
  <testcase name="findByIdNull" classname="cz.muni.fi.pa165.smartphonEShop.dao.ClaimDaoTest" time="0.001"/>
  <testcase name="update" classname="cz.muni.fi.pa165.smartphonEShop.dao.ClaimDaoTest" time="0.005"/>
  <testcase name="updateNull" classname="cz.muni.fi.pa165.smartphonEShop.dao.ClaimDaoTest" time="0.001"/>
  <testcase name="createNull" classname="cz.muni.fi.pa165.smartphonEShop.dao.AddressDaoTest" time="0.004"/>
  <testcase name="delete" classname="cz.muni.fi.pa165.smartphonEShop.dao.AddressDaoTest" time="0.033"/>
  <testcase name="deleteNull" classname="cz.muni.fi.pa165.smartphonEShop.dao.AddressDaoTest" time="0"/>
  <testcase name="findAll" classname="cz.muni.fi.pa165.smartphonEShop.dao.AddressDaoTest" time="0.009"/>
  <testcase name="findById" classname="cz.muni.fi.pa165.smartphonEShop.dao.AddressDaoTest" time="0.002"/>
  <testcase name="findByIdNegative" classname="cz.muni.fi.pa165.smartphonEShop.dao.AddressDaoTest" time="0"/>
  <testcase name="findByIdNull" classname="cz.muni.fi.pa165.smartphonEShop.dao.AddressDaoTest" time="0"/>
  <testcase name="update" classname="cz.muni.fi.pa165.smartphonEShop.dao.AddressDaoTest" time="0"/>
  <testcase name="updateNull" classname="cz.muni.fi.pa165.smartphonEShop.dao.AddressDaoTest" time="0"/>
  <testcase name="create" classname="cz.muni.fi.pa165.smartphonEShop.dao.OrderDaoTest" time="0.001"/>
  <testcase name="createNull" classname="cz.muni.fi.pa165.smartphonEShop.dao.OrderDaoTest" time="0"/>
  <testcase name="delete" classname="cz.muni.fi.pa165.smartphonEShop.dao.OrderDaoTest" time="0.106"/>
  <testcase name="deleteNull" classname="cz.muni.fi.pa165.smartphonEShop.dao.OrderDaoTest" time="0.001"/>
  <testcase name="findAll" classname="cz.muni.fi.pa165.smartphonEShop.dao.OrderDaoTest" time="0.015"/>
  <testcase name="findById" classname="cz.muni.fi.pa165.smartphonEShop.dao.OrderDaoTest" time="0.002"/>
  <testcase name="findByIdNegative" classname="cz.muni.fi.pa165.smartphonEShop.dao.OrderDaoTest" time="0"/>
  <testcase name="findByIdNull" classname="cz.muni.fi.pa165.smartphonEShop.dao.OrderDaoTest" time="0"/>
  <testcase name="update" classname="cz.muni.fi.pa165.smartphonEShop.dao.OrderDaoTest" time="0"/>
  <testcase name="updateNull" classname="cz.muni.fi.pa165.smartphonEShop.dao.OrderDaoTest" time="0"/>
</testsuite>