<?xml version="1.0" encoding="UTF-8"?>
<!-- Generated by org.testng.reporters.JUnitReportReporter -->
<testsuite skipped="0" hostname="placka" name="cz.muni.fi.pa165.smartphonEShop.dao.ClaimDaoTest" tests="10" failures="0" timestamp="2018-11-07T18:43:35 CET" time="0.351" errors="0">
  <testcase name="deleteNull" time="0.011" classname="cz.muni.fi.pa165.smartphonEShop.dao.ClaimDaoTest"/>
  <testcase name="findByIdNegative" time="0.011" classname="cz.muni.fi.pa165.smartphonEShop.dao.ClaimDaoTest"/>
  <testcase name="update" time="0.024" classname="cz.muni.fi.pa165.smartphonEShop.dao.ClaimDaoTest"/>
  <testcase name="delete" time="0.078" classname="cz.muni.fi.pa165.smartphonEShop.dao.ClaimDaoTest"/>
  <testcase name="findById" time="0.019" classname="cz.muni.fi.pa165.smartphonEShop.dao.ClaimDaoTest"/>
  <testcase name="create" time="0.066" classname="cz.muni.fi.pa165.smartphonEShop.dao.ClaimDaoTest"/>
  <testcase name="findAll" time="0.050" classname="cz.muni.fi.pa165.smartphonEShop.dao.ClaimDaoTest"/>
  <testcase name="createNull" time="0.018" classname="cz.muni.fi.pa165.smartphonEShop.dao.ClaimDaoTest"/>
  <testcase name="updateNull" time="0.038" classname="cz.muni.fi.pa165.smartphonEShop.dao.ClaimDaoTest"/>
  <testcase name="findByIdNull" time="0.036" classname="cz.muni.fi.pa165.smartphonEShop.dao.ClaimDaoTest"/>
</testsuite> <!-- cz.muni.fi.pa165.smartphonEShop.dao.ClaimDaoTest -->
