<?xml version="1.0" encoding="UTF-8"?>
<!-- Generated by org.testng.reporters.JUnitReportReporter -->
<testsuite skipped="0" hostname="placka" name="cz.muni.fi.pa165.smartphonEShop.dao.StockDaoTest" tests="9" failures="0" timestamp="2018-11-07T18:43:35 CET" time="0.214" errors="0">
  <testcase name="findById" time="0.019" classname="cz.muni.fi.pa165.smartphonEShop.dao.StockDaoTest"/>
  <testcase name="createNull" time="0.006" classname="cz.muni.fi.pa165.smartphonEShop.dao.StockDaoTest"/>
  <testcase name="deleteNull" time="0.019" classname="cz.muni.fi.pa165.smartphonEShop.dao.StockDaoTest"/>
  <testcase name="findByIdNull" time="0.019" classname="cz.muni.fi.pa165.smartphonEShop.dao.StockDaoTest"/>
  <testcase name="delete" time="0.035" classname="cz.muni.fi.pa165.smartphonEShop.dao.StockDaoTest"/>
  <testcase name="findAll" time="0.075" classname="cz.muni.fi.pa165.smartphonEShop.dao.StockDaoTest"/>
  <testcase name="findByIdNegative" time="0.006" classname="cz.muni.fi.pa165.smartphonEShop.dao.StockDaoTest"/>
  <testcase name="update" time="0.026" classname="cz.muni.fi.pa165.smartphonEShop.dao.StockDaoTest"/>
  <testcase name="updateNull" time="0.009" classname="cz.muni.fi.pa165.smartphonEShop.dao.StockDaoTest"/>
</testsuite> <!-- cz.muni.fi.pa165.smartphonEShop.dao.StockDaoTest -->
