<?xml version="1.0" encoding="UTF-8"?>
<!-- Generated by org.testng.reporters.JUnitReportReporter -->
<testsuite skipped="0" hostname="placka" name="cz.muni.fi.pa165.smartphonEShop.dao.OrderDaoTest" tests="10" failures="0" timestamp="2018-11-07T18:43:35 CET" time="0.339" errors="0">
  <testcase name="createNull" time="0.032" classname="cz.muni.fi.pa165.smartphonEShop.dao.OrderDaoTest"/>
  <testcase name="deleteNull" time="0.019" classname="cz.muni.fi.pa165.smartphonEShop.dao.OrderDaoTest"/>
  <testcase name="create" time="0.020" classname="cz.muni.fi.pa165.smartphonEShop.dao.OrderDaoTest"/>
  <testcase name="delete" time="0.116" classname="cz.muni.fi.pa165.smartphonEShop.dao.OrderDaoTest"/>
  <testcase name="findAll" time="0.039" classname="cz.muni.fi.pa165.smartphonEShop.dao.OrderDaoTest"/>
  <testcase name="findByIdNull" time="0.029" classname="cz.muni.fi.pa165.smartphonEShop.dao.OrderDaoTest"/>
  <testcase name="update" time="0.023" classname="cz.muni.fi.pa165.smartphonEShop.dao.OrderDaoTest"/>
  <testcase name="findByIdNegative" time="0.024" classname="cz.muni.fi.pa165.smartphonEShop.dao.OrderDaoTest"/>
  <testcase name="findById" time="0.022" classname="cz.muni.fi.pa165.smartphonEShop.dao.OrderDaoTest"/>
  <testcase name="updateNull" time="0.015" classname="cz.muni.fi.pa165.smartphonEShop.dao.OrderDaoTest"/>
</testsuite> <!-- cz.muni.fi.pa165.smartphonEShop.dao.OrderDaoTest -->
