<?xml version="1.0" encoding="UTF-8"?>
<!-- Generated by org.testng.reporters.JUnitReportReporter -->
<testsuite skipped="0" hostname="placka" name="cz.muni.fi.pa165.smartphonEShop.dao.OrderDaoTest" tests="10" failures="0" timestamp="2018-11-07T18:37:40 CET" time="0.307" errors="0">
  <testcase name="createNull" time="0.032" classname="cz.muni.fi.pa165.smartphonEShop.dao.OrderDaoTest"/>
  <testcase name="deleteNull" time="0.012" classname="cz.muni.fi.pa165.smartphonEShop.dao.OrderDaoTest"/>
  <testcase name="create" time="0.024" classname="cz.muni.fi.pa165.smartphonEShop.dao.OrderDaoTest"/>
  <testcase name="delete" time="0.094" classname="cz.muni.fi.pa165.smartphonEShop.dao.OrderDaoTest"/>
  <testcase name="findAll" time="0.033" classname="cz.muni.fi.pa165.smartphonEShop.dao.OrderDaoTest"/>
  <testcase name="findByIdNull" time="0.044" classname="cz.muni.fi.pa165.smartphonEShop.dao.OrderDaoTest"/>
  <testcase name="update" time="0.026" classname="cz.muni.fi.pa165.smartphonEShop.dao.OrderDaoTest"/>
  <testcase name="findByIdNegative" time="0.008" classname="cz.muni.fi.pa165.smartphonEShop.dao.OrderDaoTest"/>
  <testcase name="findById" time="0.025" classname="cz.muni.fi.pa165.smartphonEShop.dao.OrderDaoTest"/>
  <testcase name="updateNull" time="0.009" classname="cz.muni.fi.pa165.smartphonEShop.dao.OrderDaoTest"/>
</testsuite> <!-- cz.muni.fi.pa165.smartphonEShop.dao.OrderDaoTest -->
