<?xml version="1.0" encoding="UTF-8"?>
<!-- Generated by org.testng.reporters.JUnitReportReporter -->
<testsuite skipped="0" hostname="placka" name="cz.muni.fi.pa165.smartphonEShop.dao.PhoneDaoTest" tests="9" failures="0" timestamp="2018-11-07T18:37:40 CET" time="0.540" errors="0">
  <testcase name="createNull" time="0.098" classname="cz.muni.fi.pa165.smartphonEShop.dao.PhoneDaoTest"/>
  <testcase name="delete" time="0.336" classname="cz.muni.fi.pa165.smartphonEShop.dao.PhoneDaoTest"/>
  <testcase name="findAll" time="0.034" classname="cz.muni.fi.pa165.smartphonEShop.dao.PhoneDaoTest"/>
  <testcase name="findByIdNegative" time="0.005" classname="cz.muni.fi.pa165.smartphonEShop.dao.PhoneDaoTest"/>
  <testcase name="update" time="0.035" classname="cz.muni.fi.pa165.smartphonEShop.dao.PhoneDaoTest"/>
  <testcase name="updateNull" time="0.005" classname="cz.muni.fi.pa165.smartphonEShop.dao.PhoneDaoTest"/>
  <testcase name="findById" time="0.011" classname="cz.muni.fi.pa165.smartphonEShop.dao.PhoneDaoTest"/>
  <testcase name="findByIdNull" time="0.011" classname="cz.muni.fi.pa165.smartphonEShop.dao.PhoneDaoTest"/>
  <testcase name="deleteNull" time="0.005" classname="cz.muni.fi.pa165.smartphonEShop.dao.PhoneDaoTest"/>
</testsuite> <!-- cz.muni.fi.pa165.smartphonEShop.dao.PhoneDaoTest -->
