<?xml version="1.0" encoding="UTF-8"?>
<!-- Generated by org.testng.reporters.JUnitReportReporter -->
<testsuite skipped="0" hostname="placka" name="cz.muni.fi.pa165.smartphonEShop.dao.PhoneDaoTest" tests="9" failures="0" timestamp="2018-11-07T18:43:35 CET" time="0.671" errors="0">
  <testcase name="createNull" time="0.118" classname="cz.muni.fi.pa165.smartphonEShop.dao.PhoneDaoTest"/>
  <testcase name="delete" time="0.413" classname="cz.muni.fi.pa165.smartphonEShop.dao.PhoneDaoTest"/>
  <testcase name="findAll" time="0.045" classname="cz.muni.fi.pa165.smartphonEShop.dao.PhoneDaoTest"/>
  <testcase name="findByIdNegative" time="0.006" classname="cz.muni.fi.pa165.smartphonEShop.dao.PhoneDaoTest"/>
  <testcase name="update" time="0.019" classname="cz.muni.fi.pa165.smartphonEShop.dao.PhoneDaoTest"/>
  <testcase name="updateNull" time="0.020" classname="cz.muni.fi.pa165.smartphonEShop.dao.PhoneDaoTest"/>
  <testcase name="findById" time="0.028" classname="cz.muni.fi.pa165.smartphonEShop.dao.PhoneDaoTest"/>
  <testcase name="findByIdNull" time="0.017" classname="cz.muni.fi.pa165.smartphonEShop.dao.PhoneDaoTest"/>
  <testcase name="deleteNull" time="0.005" classname="cz.muni.fi.pa165.smartphonEShop.dao.PhoneDaoTest"/>
</testsuite> <!-- cz.muni.fi.pa165.smartphonEShop.dao.PhoneDaoTest -->
