<?xml version="1.0" encoding="UTF-8"?>
<!-- Generated by org.testng.reporters.JUnitReportReporter -->
<testsuite skipped="0" hostname="placka" name="cz.muni.fi.pa165.smartphonEShop.dao.AddressDaoTest" tests="9" failures="0" timestamp="2018-11-07T18:43:35 CET" time="0.193" errors="0">
  <testcase name="findAll" time="0.032" classname="cz.muni.fi.pa165.smartphonEShop.dao.AddressDaoTest"/>
  <testcase name="updateNull" time="0.009" classname="cz.muni.fi.pa165.smartphonEShop.dao.AddressDaoTest"/>
  <testcase name="findByIdNull" time="0.006" classname="cz.muni.fi.pa165.smartphonEShop.dao.AddressDaoTest"/>
  <testcase name="deleteNull" time="0.017" classname="cz.muni.fi.pa165.smartphonEShop.dao.AddressDaoTest"/>
  <testcase name="findByIdNegative" time="0.023" classname="cz.muni.fi.pa165.smartphonEShop.dao.AddressDaoTest"/>
  <testcase name="delete" time="0.063" classname="cz.muni.fi.pa165.smartphonEShop.dao.AddressDaoTest"/>
  <testcase name="findById" time="0.019" classname="cz.muni.fi.pa165.smartphonEShop.dao.AddressDaoTest"/>
  <testcase name="createNull" time="0.010" classname="cz.muni.fi.pa165.smartphonEShop.dao.AddressDaoTest"/>
  <testcase name="update" time="0.014" classname="cz.muni.fi.pa165.smartphonEShop.dao.AddressDaoTest"/>
</testsuite> <!-- cz.muni.fi.pa165.smartphonEShop.dao.AddressDaoTest -->
