<?xml version="1.0" encoding="UTF-8"?>
<!-- Generated by org.testng.reporters.JUnitReportReporter -->
<testsuite skipped="0" hostname="placka" name="cz.muni.fi.pa165.smartphonEShop.dao.PersonDaoTest" tests="9" failures="0" timestamp="2018-11-07T18:43:35 CET" time="0.392" errors="0">
  <testcase name="findById" time="0.056" classname="cz.muni.fi.pa165.smartphonEShop.dao.PersonDaoTest"/>
  <testcase name="findByIdNegative" time="0.012" classname="cz.muni.fi.pa165.smartphonEShop.dao.PersonDaoTest"/>
  <testcase name="delete" time="0.210" classname="cz.muni.fi.pa165.smartphonEShop.dao.PersonDaoTest"/>
  <testcase name="findByIdNull" time="0.014" classname="cz.muni.fi.pa165.smartphonEShop.dao.PersonDaoTest"/>
  <testcase name="createNull" time="0.018" classname="cz.muni.fi.pa165.smartphonEShop.dao.PersonDaoTest"/>
  <testcase name="update" time="0.015" classname="cz.muni.fi.pa165.smartphonEShop.dao.PersonDaoTest"/>
  <testcase name="updateNull" time="0.006" classname="cz.muni.fi.pa165.smartphonEShop.dao.PersonDaoTest"/>
  <testcase name="findAll" time="0.054" classname="cz.muni.fi.pa165.smartphonEShop.dao.PersonDaoTest"/>
  <testcase name="deleteNull" time="0.007" classname="cz.muni.fi.pa165.smartphonEShop.dao.PersonDaoTest"/>
</testsuite> <!-- cz.muni.fi.pa165.smartphonEShop.dao.PersonDaoTest -->
