<?xml version="1.0" encoding="UTF-8"?>
<!-- Generated by org.testng.reporters.JUnitReportReporter -->
<testsuite skipped="0" hostname="placka" name="cz.muni.fi.pa165.smartphonEShop.dao.ClaimDaoTest" tests="10" failures="0" timestamp="2018-11-07T18:37:40 CET" time="0.357" errors="0">
  <testcase name="deleteNull" time="0.011" classname="cz.muni.fi.pa165.smartphonEShop.dao.ClaimDaoTest"/>
  <testcase name="findByIdNegative" time="0.010" classname="cz.muni.fi.pa165.smartphonEShop.dao.ClaimDaoTest"/>
  <testcase name="update" time="0.024" classname="cz.muni.fi.pa165.smartphonEShop.dao.ClaimDaoTest"/>
  <testcase name="delete" time="0.097" classname="cz.muni.fi.pa165.smartphonEShop.dao.ClaimDaoTest"/>
  <testcase name="findById" time="0.017" classname="cz.muni.fi.pa165.smartphonEShop.dao.ClaimDaoTest"/>
  <testcase name="create" time="0.116" classname="cz.muni.fi.pa165.smartphonEShop.dao.ClaimDaoTest"/>
  <testcase name="findAll" time="0.044" classname="cz.muni.fi.pa165.smartphonEShop.dao.ClaimDaoTest"/>
  <testcase name="createNull" time="0.017" classname="cz.muni.fi.pa165.smartphonEShop.dao.ClaimDaoTest"/>
  <testcase name="updateNull" time="0.012" classname="cz.muni.fi.pa165.smartphonEShop.dao.ClaimDaoTest"/>
  <testcase name="findByIdNull" time="0.009" classname="cz.muni.fi.pa165.smartphonEShop.dao.ClaimDaoTest"/>
</testsuite> <!-- cz.muni.fi.pa165.smartphonEShop.dao.ClaimDaoTest -->
