<?xml version="1.0" encoding="UTF-8"?>
<!-- Generated by org.testng.reporters.JUnitReportReporter -->
<testsuite skipped="0" hostname="nymfe10" name="cz.muni.fi.pa165.smartphonEShop.rest.ClaimsControllerTest" tests="2" failures="0" timestamp="2018-12-13T08:27:30 CET" time="0.145" errors="0">
  <testcase name="getClaimTest" time="0.131" classname="cz.muni.fi.pa165.smartphonEShop.rest.ClaimsControllerTest"/>
  <testcase name="getClaimsTest" time="0.014" classname="cz.muni.fi.pa165.smartphonEShop.rest.ClaimsControllerTest"/>
</testsuite> <!-- cz.muni.fi.pa165.smartphonEShop.rest.ClaimsControllerTest -->
