<?xml version="1.0" encoding="UTF-8"?>
<!-- Generated by org.testng.reporters.JUnitReportReporter -->
<testsuite skipped="0" hostname="nymfe10" name="cz.muni.fi.pa165.smartphonEShop.rest.PhonesControllerTest" tests="2" failures="0" timestamp="2018-12-13T08:27:30 CET" time="0.004" errors="0">
  <testcase name="getPhoneTest" time="0.003" classname="cz.muni.fi.pa165.smartphonEShop.rest.PhonesControllerTest"/>
  <testcase name="getPhonesTest" time="0.001" classname="cz.muni.fi.pa165.smartphonEShop.rest.PhonesControllerTest"/>
</testsuite> <!-- cz.muni.fi.pa165.smartphonEShop.rest.PhonesControllerTest -->
