<?xml version="1.0" encoding="UTF-8"?>
<!-- Generated by org.testng.reporters.JUnitReportReporter -->
<testsuite skipped="0" hostname="nymfe10" name="cz.muni.fi.pa165.smartphonEShop.rest.PeopleControllerTest" tests="4" failures="0" timestamp="2018-12-13T08:27:30 CET" time="0.023" errors="0">
  <testcase name="getPersonByPhoneNumberTest" time="0.005" classname="cz.muni.fi.pa165.smartphonEShop.rest.PeopleControllerTest"/>
  <testcase name="getPersonByMailTest" time="0.008" classname="cz.muni.fi.pa165.smartphonEShop.rest.PeopleControllerTest"/>
  <testcase name="getPersonTest" time="0.002" classname="cz.muni.fi.pa165.smartphonEShop.rest.PeopleControllerTest"/>
  <testcase name="getPeopleTest" time="0.008" classname="cz.muni.fi.pa165.smartphonEShop.rest.PeopleControllerTest"/>
</testsuite> <!-- cz.muni.fi.pa165.smartphonEShop.rest.PeopleControllerTest -->
